# JRE version: OpenJDK Runtime Environment (8.0_242-b01) (build 1.8.0_242-release-1644-b01)
# Java VM: OpenJDK 64-Bit Server VM (25.242-b01 mixed mode windows-amd64 compressed oops)
Heap:
 PSYoungGen      total 485376K, used 95462K [0x00000000d5580000, 0x0000000100000000, 0x0000000100000000)
  eden space 388608K, 12% used [0x00000000d5580000,0x00000000d84b1c08,0x00000000ed100000)
  from space 96768K, 48% used [0x00000000ed100000,0x00000000eff07ea8,0x00000000f2f80000)
  to   space 132608K, 0% used [0x00000000f7e80000,0x00000000f7e80000,0x0000000100000000)
 ParOldGen       total 352256K, used 194326K [0x0000000080000000, 0x0000000095800000, 0x00000000d5580000)
  object space 352256K, 55% used [0x0000000080000000,0x000000008bdc5be0,0x0000000095800000)
 Metaspace       used 107202K, capacity 115619K, committed 115880K, reserved 1150976K
  class space    used 13589K, capacity 14973K, committed 15024K, reserved 1048576K
GC Heap History (10 events):
Event: 4423.655 GC heap before
{Heap before GC invocations=36 (full 4):
 PSYoungGen      total 428032K, used 404306K [0x00000000d5580000, 0x00000000f3e00000, 0x0000000100000000)
  eden space 376320K, 100% used [0x00000000d5580000,0x00000000ec500000,0x00000000ec500000)
  from space 51712K, 54% used [0x00000000ec500000,0x00000000ee054bd8,0x00000000ef780000)
  to   space 51200K, 0% used [0x00000000f0c00000,0x00000000f0c00000,0x00000000f3e00000)
 ParOldGen       total 194560K, used 78166K [0x0000000080000000, 0x000000008be00000, 0x00000000d5580000)
  object space 194560K, 40% used [0x0000000080000000,0x0000000084c55bf0,0x000000008be00000)
 Metaspace       used 104639K, capacity 112479K, committed 112680K, reserved 1146880K
  class space    used 13258K, capacity 14563K, committed 14640K, reserved 1048576K
Event: 4423.755 GC heap after
Heap after GC invocations=36 (full 4):
 PSYoungGen      total 442880K, used 45742K [0x00000000d5580000, 0x00000000f4e00000, 0x0000000100000000)
  eden space 391680K, 0% used [0x00000000d5580000,0x00000000d5580000,0x00000000ed400000)
  from space 51200K, 89% used [0x00000000f0c00000,0x00000000f38ab970,0x00000000f3e00000)
  to   space 57344K, 0% used [0x00000000ed400000,0x00000000ed400000,0x00000000f0c00000)
 ParOldGen       total 194560K, used 78174K [0x0000000080000000, 0x000000008be00000, 0x00000000d5580000)
  object space 194560K, 40% used [0x0000000080000000,0x0000000084c57bf0,0x000000008be00000)
 Metaspace       used 104639K, capacity 112479K, committed 112680K, reserved 1146880K
  class space    used 13258K, capacity 14563K, committed 14640K, reserved 1048576K
}
Event: 4428.467 GC heap before
{Heap before GC invocations=37 (full 4):
 PSYoungGen      total 442880K, used 437422K [0x00000000d5580000, 0x00000000f4e00000, 0x0000000100000000)
  eden space 391680K, 100% used [0x00000000d5580000,0x00000000ed400000,0x00000000ed400000)
  from space 51200K, 89% used [0x00000000f0c00000,0x00000000f38ab970,0x00000000f3e00000)
  to   space 57344K, 0% used [0x00000000ed400000,0x00000000ed400000,0x00000000f0c00000)
 ParOldGen       total 194560K, used 78174K [0x0000000080000000, 0x000000008be00000, 0x00000000d5580000)
  object space 194560K, 40% used [0x0000000080000000,0x0000000084c57bf0,0x000000008be00000)
 Metaspace       used 105379K, capacity 113493K, committed 113704K, reserved 1148928K
  class space    used 13405K, capacity 14804K, committed 14896K, reserved 1048576K
Event: 4428.549 GC heap after
Heap after GC invocations=37 (full 4):
 PSYoungGen      total 449024K, used 56776K [0x00000000d5580000, 0x00000000f7000000, 0x0000000100000000)
  eden space 391680K, 0% used [0x00000000d5580000,0x00000000d5580000,0x00000000ed400000)
  from space 57344K, 99% used [0x00000000ed400000,0x00000000f0b72258,0x00000000f0c00000)
  to   space 66048K, 0% used [0x00000000f2f80000,0x00000000f2f80000,0x00000000f7000000)
 ParOldGen       total 194560K, used 78182K [0x0000000080000000, 0x000000008be00000, 0x00000000d5580000)
  object space 194560K, 40% used [0x0000000080000000,0x0000000084c59bf0,0x000000008be00000)
 Metaspace       used 105379K, capacity 113493K, committed 113704K, reserved 1148928K
  class space    used 13405K, capacity 14804K, committed 14896K, reserved 1048576K
}
Event: 4430.752 GC heap before
{Heap before GC invocations=38 (full 4):
 PSYoungGen      total 449024K, used 448456K [0x00000000d5580000, 0x00000000f7000000, 0x0000000100000000)
  eden space 391680K, 100% used [0x00000000d5580000,0x00000000ed400000,0x00000000ed400000)
  from space 57344K, 99% used [0x00000000ed400000,0x00000000f0b72258,0x00000000f0c00000)
  to   space 66048K, 0% used [0x00000000f2f80000,0x00000000f2f80000,0x00000000f7000000)
 ParOldGen       total 194560K, used 78182K [0x0000000080000000, 0x000000008be00000, 0x00000000d5580000)
  object space 194560K, 40% used [0x0000000080000000,0x0000000084c59bf0,0x000000008be00000)
 Metaspace       used 106160K, capacity 114313K, committed 114600K, reserved 1148928K
  class space    used 13509K, capacity 14928K, committed 15024K, reserved 1048576K
Event: 4430.913 GC heap after
Heap after GC invocations=38 (full 4):
 PSYoungGen      total 454656K, used 66039K [0x00000000d5580000, 0x00000000fc100000, 0x0000000100000000)
  eden space 388608K, 0% used [0x00000000d5580000,0x00000000d5580000,0x00000000ed100000)
  from space 66048K, 99% used [0x00000000f2f80000,0x00000000f6ffded8,0x00000000f7000000)
  to   space 96768K, 0% used [0x00000000ed100000,0x00000000ed100000,0x00000000f2f80000)
 ParOldGen       total 194560K, used 132970K [0x0000000080000000, 0x000000008be00000, 0x00000000d5580000)
  object space 194560K, 68% used [0x0000000080000000,0x00000000881da870,0x000000008be00000)
 Metaspace       used 106160K, capacity 114313K, committed 114600K, reserved 1148928K
  class space    used 13509K, capacity 14928K, committed 15024K, reserved 1048576K
}
Event: 4433.099 GC heap before
{Heap before GC invocations=39 (full 4):
 PSYoungGen      total 454656K, used 454647K [0x00000000d5580000, 0x00000000fc100000, 0x0000000100000000)
  eden space 388608K, 100% used [0x00000000d5580000,0x00000000ed100000,0x00000000ed100000)
  from space 66048K, 99% used [0x00000000f2f80000,0x00000000f6ffded8,0x00000000f7000000)
  to   space 96768K, 0% used [0x00000000ed100000,0x00000000ed100000,0x00000000f2f80000)
 ParOldGen       total 194560K, used 132970K [0x0000000080000000, 0x000000008be00000, 0x00000000d5580000)
  object space 194560K, 68% used [0x0000000080000000,0x00000000881da870,0x000000008be00000)
 Metaspace       used 106229K, capacity 114393K, committed 114600K, reserved 1148928K
  class space    used 13512K, capacity 14930K, committed 15024K, reserved 1048576K
Event: 4433.297 GC heap after
Heap after GC invocations=39 (full 4):
 PSYoungGen      total 485376K, used 96763K [0x00000000d5580000, 0x0000000100000000, 0x0000000100000000)
  eden space 388608K, 0% used [0x00000000d5580000,0x00000000d5580000,0x00000000ed100000)
  from space 96768K, 99% used [0x00000000ed100000,0x00000000f2f7ef80,0x00000000f2f80000)
  to   space 132608K, 0% used [0x00000000f7e80000,0x00000000f7e80000,0x0000000100000000)
 ParOldGen       total 194560K, used 186420K [0x0000000080000000, 0x000000008be00000, 0x00000000d5580000)
  object space 194560K, 95% used [0x0000000080000000,0x000000008b60d398,0x000000008be00000)
 Metaspace       used 106229K, capacity 114393K, committed 114600K, reserved 1148928K
  class space    used 13512K, capacity 14930K, committed 15024K, reserved 1048576K
}
Event: 4433.297 GC heap before
{Heap before GC invocations=40 (full 5):
 PSYoungGen      total 485376K, used 96763K [0x00000000d5580000, 0x0000000100000000, 0x0000000100000000)
  eden space 388608K, 0% used [0x00000000d5580000,0x00000000d5580000,0x00000000ed100000)
  from space 96768K, 99% used [0x00000000ed100000,0x00000000f2f7ef80,0x00000000f2f80000)
  to   space 132608K, 0% used [0x00000000f7e80000,0x00000000f7e80000,0x0000000100000000)
 ParOldGen       total 194560K, used 186420K [0x0000000080000000, 0x000000008be00000, 0x00000000d5580000)
  object space 194560K, 95% used [0x0000000080000000,0x000000008b60d398,0x000000008be00000)
 Metaspace       used 106229K, capacity 114393K, committed 114600K, reserved 1148928K
  class space    used 13512K, capacity 14930K, committed 15024K, reserved 1048576K
Event: 4434.704 GC heap after
Heap after GC invocations=40 (full 5):
 PSYoungGen      total 485376K, used 47135K [0x00000000d5580000, 0x0000000100000000, 0x0000000100000000)
  eden space 388608K, 0% used [0x00000000d5580000,0x00000000d5580000,0x00000000ed100000)
  from space 96768K, 48% used [0x00000000ed100000,0x00000000eff07ea8,0x00000000f2f80000)
  to   space 132608K, 0% used [0x00000000f7e80000,0x00000000f7e80000,0x0000000100000000)
 ParOldGen       total 352256K, used 194326K [0x0000000080000000, 0x0000000095800000, 0x00000000d5580000)
  object space 352256K, 55% used [0x0000000080000000,0x000000008bdc5be0,0x0000000095800000)
 Metaspace       used 105969K, capacity 113961K, committed 114600K, reserved 1148928K
  class space    used 13437K, capacity 14790K, committed 15024K, reserved 1048576K
}

