# JRE version: OpenJDK Runtime Environment (8.0_242-b01) (build 1.8.0_242-release-1644-b01)
# Java VM: OpenJDK 64-Bit Server VM (25.242-b01 mixed mode windows-amd64 compressed oops)
Heap:
 PSYoungGen      total 137216K, used 125679K [0x00000000d5580000, 0x00000000e1600000, 0x0000000100000000)
  eden space 125952K, 99% used [0x00000000d5580000,0x00000000dd03bcc0,0x00000000dd080000)
  from space 11264K, 0% used [0x00000000dd080000,0x00000000dd080000,0x00000000ddb80000)
  to   space 12800K, 0% used [0x00000000e0980000,0x00000000e0980000,0x00000000e1600000)
 ParOldGen       total 76800K, used 17310K [0x0000000080000000, 0x0000000084b00000, 0x00000000d5580000)
  object space 76800K, 22% used [0x0000000080000000,0x00000000810e7980,0x0000000084b00000)
 Metaspace       used 38718K, capacity 40328K, committed 40616K, reserved 1083392K
  class space    used 5335K, capacity 5708K, committed 5808K, reserved 1048576K
GC Heap History (10 events):
Event: 4.165 GC heap before
{Heap before GC invocations=7 (full 0):
 PSYoungGen      total 74240K, used 13974K [0x00000000d5580000, 0x00000000daa80000, 0x0000000100000000)
  eden space 64512K, 8% used [0x00000000d5580000,0x00000000d5aa41f0,0x00000000d9480000)
  from space 9728K, 89% used [0x00000000d9f00000,0x00000000da781730,0x00000000da880000)
  to   space 10752K, 0% used [0x00000000d9480000,0x00000000d9480000,0x00000000d9f00000)
 ParOldGen       total 86016K, used 6074K [0x0000000080000000, 0x0000000085400000, 0x00000000d5580000)
  object space 86016K, 7% used [0x0000000080000000,0x00000000805ee9b0,0x0000000085400000)
 Metaspace       used 20598K, capacity 21212K, committed 21296K, reserved 1067008K
  class space    used 2872K, capacity 3076K, committed 3120K, reserved 1048576K
Event: 4.175 GC heap after
Heap after GC invocations=7 (full 0):
 PSYoungGen      total 75264K, used 3796K [0x00000000d5580000, 0x00000000de880000, 0x0000000100000000)
  eden space 64512K, 0% used [0x00000000d5580000,0x00000000d5580000,0x00000000d9480000)
  from space 10752K, 35% used [0x00000000d9480000,0x00000000d9835040,0x00000000d9f00000)
  to   space 10752K, 0% used [0x00000000dde00000,0x00000000dde00000,0x00000000de880000)
 ParOldGen       total 86016K, used 8462K [0x0000000080000000, 0x0000000085400000, 0x00000000d5580000)
  object space 86016K, 9% used [0x0000000080000000,0x0000000080843a10,0x0000000085400000)
 Metaspace       used 20598K, capacity 21212K, committed 21296K, reserved 1067008K
  class space    used 2872K, capacity 3076K, committed 3120K, reserved 1048576K
}
Event: 4.175 GC heap before
{Heap before GC invocations=8 (full 1):
 PSYoungGen      total 75264K, used 3796K [0x00000000d5580000, 0x00000000de880000, 0x0000000100000000)
  eden space 64512K, 0% used [0x00000000d5580000,0x00000000d5580000,0x00000000d9480000)
  from space 10752K, 35% used [0x00000000d9480000,0x00000000d9835040,0x00000000d9f00000)
  to   space 10752K, 0% used [0x00000000dde00000,0x00000000dde00000,0x00000000de880000)
 ParOldGen       total 86016K, used 8462K [0x0000000080000000, 0x0000000085400000, 0x00000000d5580000)
  object space 86016K, 9% used [0x0000000080000000,0x0000000080843a10,0x0000000085400000)
 Metaspace       used 20598K, capacity 21212K, committed 21296K, reserved 1067008K
  class space    used 2872K, capacity 3076K, committed 3120K, reserved 1048576K
Event: 4.223 GC heap after
Heap after GC invocations=8 (full 1):
 PSYoungGen      total 75264K, used 0K [0x00000000d5580000, 0x00000000de880000, 0x0000000100000000)
  eden space 64512K, 0% used [0x00000000d5580000,0x00000000d5580000,0x00000000d9480000)
  from space 10752K, 0% used [0x00000000d9480000,0x00000000d9480000,0x00000000d9f00000)
  to   space 10752K, 0% used [0x00000000dde00000,0x00000000dde00000,0x00000000de880000)
 ParOldGen       total 49664K, used 6777K [0x0000000080000000, 0x0000000083080000, 0x00000000d5580000)
  object space 49664K, 13% used [0x0000000080000000,0x000000008069e748,0x0000000083080000)
 Metaspace       used 20598K, capacity 21212K, committed 21296K, reserved 1067008K
  class space    used 2872K, capacity 3076K, committed 3120K, reserved 1048576K
}
Event: 5.205 GC heap before
{Heap before GC invocations=9 (full 1):
 PSYoungGen      total 75264K, used 64512K [0x00000000d5580000, 0x00000000de880000, 0x0000000100000000)
  eden space 64512K, 100% used [0x00000000d5580000,0x00000000d9480000,0x00000000d9480000)
  from space 10752K, 0% used [0x00000000d9480000,0x00000000d9480000,0x00000000d9f00000)
  to   space 10752K, 0% used [0x00000000dde00000,0x00000000dde00000,0x00000000de880000)
 ParOldGen       total 49664K, used 6777K [0x0000000080000000, 0x0000000083080000, 0x00000000d5580000)
  object space 49664K, 13% used [0x0000000080000000,0x000000008069e748,0x0000000083080000)
 Metaspace       used 28692K, capacity 29528K, committed 29616K, reserved 1075200K
  class space    used 3970K, capacity 4220K, committed 4272K, reserved 1048576K
Event: 5.223 GC heap after
Heap after GC invocations=9 (full 1):
 PSYoungGen      total 124928K, used 8365K [0x00000000d5580000, 0x00000000de680000, 0x0000000100000000)
  eden space 116224K, 0% used [0x00000000d5580000,0x00000000d5580000,0x00000000dc700000)
  from space 8704K, 96% used [0x00000000dde00000,0x00000000de62b780,0x00000000de680000)
  to   space 11264K, 0% used [0x00000000dd080000,0x00000000dd080000,0x00000000ddb80000)
 ParOldGen       total 49664K, used 6785K [0x0000000080000000, 0x0000000083080000, 0x00000000d5580000)
  object space 49664K, 13% used [0x0000000080000000,0x00000000806a0748,0x0000000083080000)
 Metaspace       used 28692K, capacity 29528K, committed 29616K, reserved 1075200K
  class space    used 3970K, capacity 4220K, committed 4272K, reserved 1048576K
}
Event: 6.387 GC heap before
{Heap before GC invocations=10 (full 1):
 PSYoungGen      total 124928K, used 103391K [0x00000000d5580000, 0x00000000de680000, 0x0000000100000000)
  eden space 116224K, 81% used [0x00000000d5580000,0x00000000db24c7d8,0x00000000dc700000)
  from space 8704K, 96% used [0x00000000dde00000,0x00000000de62b780,0x00000000de680000)
  to   space 11264K, 0% used [0x00000000dd080000,0x00000000dd080000,0x00000000ddb80000)
 ParOldGen       total 49664K, used 6785K [0x0000000080000000, 0x0000000083080000, 0x00000000d5580000)
  object space 49664K, 13% used [0x0000000080000000,0x00000000806a0748,0x0000000083080000)
 Metaspace       used 34302K, capacity 35402K, committed 35496K, reserved 1079296K
  class space    used 4712K, capacity 5002K, committed 5040K, reserved 1048576K
Event: 6.423 GC heap after
Heap after GC invocations=10 (full 1):
 PSYoungGen      total 137216K, used 11107K [0x00000000d5580000, 0x00000000e1600000, 0x0000000100000000)
  eden space 125952K, 0% used [0x00000000d5580000,0x00000000d5580000,0x00000000dd080000)
  from space 11264K, 98% used [0x00000000dd080000,0x00000000ddb58e58,0x00000000ddb80000)
  to   space 12800K, 0% used [0x00000000e0980000,0x00000000e0980000,0x00000000e1600000)
 ParOldGen       total 49664K, used 6793K [0x0000000080000000, 0x0000000083080000, 0x00000000d5580000)
  object space 49664K, 13% used [0x0000000080000000,0x00000000806a2748,0x0000000083080000)
 Metaspace       used 34302K, capacity 35402K, committed 35496K, reserved 1079296K
  class space    used 4712K, capacity 5002K, committed 5040K, reserved 1048576K
}
Event: 6.423 GC heap before
{Heap before GC invocations=11 (full 2):
 PSYoungGen      total 137216K, used 11107K [0x00000000d5580000, 0x00000000e1600000, 0x0000000100000000)
  eden space 125952K, 0% used [0x00000000d5580000,0x00000000d5580000,0x00000000dd080000)
  from space 11264K, 98% used [0x00000000dd080000,0x00000000ddb58e58,0x00000000ddb80000)
  to   space 12800K, 0% used [0x00000000e0980000,0x00000000e0980000,0x00000000e1600000)
 ParOldGen       total 49664K, used 6793K [0x0000000080000000, 0x0000000083080000, 0x00000000d5580000)
  object space 49664K, 13% used [0x0000000080000000,0x00000000806a2748,0x0000000083080000)
 Metaspace       used 34302K, capacity 35402K, committed 35496K, reserved 1079296K
  class space    used 4712K, capacity 5002K, committed 5040K, reserved 1048576K
Event: 6.539 GC heap after
Heap after GC invocations=11 (full 2):
 PSYoungGen      total 137216K, used 0K [0x00000000d5580000, 0x00000000e1600000, 0x0000000100000000)
  eden space 125952K, 0% used [0x00000000d5580000,0x00000000d5580000,0x00000000dd080000)
  from space 11264K, 0% used [0x00000000dd080000,0x00000000dd080000,0x00000000ddb80000)
  to   space 12800K, 0% used [0x00000000e0980000,0x00000000e0980000,0x00000000e1600000)
 ParOldGen       total 76800K, used 17310K [0x0000000080000000, 0x0000000084b00000, 0x00000000d5580000)
  object space 76800K, 22% used [0x0000000080000000,0x00000000810e7980,0x0000000084b00000)
 Metaspace       used 34302K, capacity 35402K, committed 35496K, reserved 1079296K
  class space    used 4712K, capacity 5002K, committed 5040K, reserved 1048576K
}

