# JRE version: OpenJDK Runtime Environment (8.0_242-b01) (build 1.8.0_242-release-1644-b01)
# Java VM: OpenJDK 64-Bit Server VM (25.242-b01 mixed mode windows-amd64 compressed oops)
Heap:
 PSYoungGen      total 366592K, used 39400K [0x00000000d5580000, 0x00000000f0f80000, 0x0000000100000000)
  eden space 327168K, 0% used [0x00000000d5580000,0x00000000d5580000,0x00000000e9500000)
  from space 39424K, 99% used [0x00000000e9500000,0x00000000ebb7a270,0x00000000ebb80000)
  to   space 48640K, 0% used [0x00000000ee000000,0x00000000ee000000,0x00000000f0f80000)
 ParOldGen       total 124928K, used 103761K [0x0000000080000000, 0x0000000087a00000, 0x00000000d5580000)
  object space 124928K, 83% used [0x0000000080000000,0x00000000865545f8,0x0000000087a00000)
 Metaspace       used 93643K, capacity 98560K, committed 98600K, reserved 1134592K
  class space    used 12251K, capacity 13197K, committed 13232K, reserved 1048576K
GC Heap History (10 events):
Event: 1495.172 GC heap after
Heap after GC invocations=18 (full 3):
 PSYoungGen      total 283136K, used 23528K [0x00000000d5580000, 0x00000000ec400000, 0x0000000100000000)
  eden space 259584K, 0% used [0x00000000d5580000,0x00000000d5580000,0x00000000e5300000)
  from space 23552K, 99% used [0x00000000e5300000,0x00000000e69fa1f0,0x00000000e6a00000)
  to   space 34816K, 0% used [0x00000000ea200000,0x00000000ea200000,0x00000000ec400000)
 ParOldGen       total 124928K, used 72796K [0x0000000080000000, 0x0000000087a00000, 0x00000000d5580000)
  object space 124928K, 58% used [0x0000000080000000,0x0000000084717308,0x0000000087a00000)
 Metaspace       used 70146K, capacity 73310K, committed 73512K, reserved 1112064K
  class space    used 9291K, capacity 9923K, committed 10032K, reserved 1048576K
}
Event: 1501.808 GC heap before
{Heap before GC invocations=19 (full 3):
 PSYoungGen      total 283136K, used 283112K [0x00000000d5580000, 0x00000000ec400000, 0x0000000100000000)
  eden space 259584K, 100% used [0x00000000d5580000,0x00000000e5300000,0x00000000e5300000)
  from space 23552K, 99% used [0x00000000e5300000,0x00000000e69fa1f0,0x00000000e6a00000)
  to   space 34816K, 0% used [0x00000000ea200000,0x00000000ea200000,0x00000000ec400000)
 ParOldGen       total 124928K, used 72796K [0x0000000080000000, 0x0000000087a00000, 0x00000000d5580000)
  object space 124928K, 58% used [0x0000000080000000,0x0000000084717308,0x0000000087a00000)
 Metaspace       used 74565K, capacity 77950K, committed 78120K, reserved 1116160K
  class space    used 9826K, capacity 10495K, committed 10544K, reserved 1048576K
Event: 1501.863 GC heap after
Heap after GC invocations=19 (full 3):
 PSYoungGen      total 334336K, used 21401K [0x00000000d5580000, 0x00000000ec180000, 0x0000000100000000)
  eden space 302080K, 0% used [0x00000000d5580000,0x00000000d5580000,0x00000000e7c80000)
  from space 32256K, 66% used [0x00000000ea200000,0x00000000eb6e66a8,0x00000000ec180000)
  to   space 35328K, 0% used [0x00000000e7c80000,0x00000000e7c80000,0x00000000e9f00000)
 ParOldGen       total 124928K, used 95551K [0x0000000080000000, 0x0000000087a00000, 0x00000000d5580000)
  object space 124928K, 76% used [0x0000000080000000,0x0000000085d4fc48,0x0000000087a00000)
 Metaspace       used 74565K, capacity 77950K, committed 78120K, reserved 1116160K
  class space    used 9826K, capacity 10495K, committed 10544K, reserved 1048576K
}
Event: 1612.454 GC heap before
{Heap before GC invocations=20 (full 3):
 PSYoungGen      total 334336K, used 323481K [0x00000000d5580000, 0x00000000ec180000, 0x0000000100000000)
  eden space 302080K, 100% used [0x00000000d5580000,0x00000000e7c80000,0x00000000e7c80000)
  from space 32256K, 66% used [0x00000000ea200000,0x00000000eb6e66a8,0x00000000ec180000)
  to   space 35328K, 0% used [0x00000000e7c80000,0x00000000e7c80000,0x00000000e9f00000)
 ParOldGen       total 124928K, used 95551K [0x0000000080000000, 0x0000000087a00000, 0x00000000d5580000)
  object space 124928K, 76% used [0x0000000080000000,0x0000000085d4fc48,0x0000000087a00000)
 Metaspace       used 82571K, capacity 86208K, committed 86440K, reserved 1124352K
  class space    used 10655K, capacity 11339K, committed 11440K, reserved 1048576K
Event: 1612.565 GC heap after
Heap after GC invocations=20 (full 3):
 PSYoungGen      total 337408K, used 24742K [0x00000000d5580000, 0x00000000ee000000, 0x0000000100000000)
  eden space 302080K, 0% used [0x00000000d5580000,0x00000000d5580000,0x00000000e7c80000)
  from space 35328K, 70% used [0x00000000e7c80000,0x00000000e94a99d8,0x00000000e9f00000)
  to   space 37376K, 0% used [0x00000000ebb80000,0x00000000ebb80000,0x00000000ee000000)
 ParOldGen       total 124928K, used 95559K [0x0000000080000000, 0x0000000087a00000, 0x00000000d5580000)
  object space 124928K, 76% used [0x0000000080000000,0x0000000085d51c48,0x0000000087a00000)
 Metaspace       used 82571K, capacity 86208K, committed 86440K, reserved 1124352K
  class space    used 10655K, capacity 11339K, committed 11440K, reserved 1048576K
}
Event: 1617.381 GC heap before
{Heap before GC invocations=21 (full 3):
 PSYoungGen      total 337408K, used 326822K [0x00000000d5580000, 0x00000000ee000000, 0x0000000100000000)
  eden space 302080K, 100% used [0x00000000d5580000,0x00000000e7c80000,0x00000000e7c80000)
  from space 35328K, 70% used [0x00000000e7c80000,0x00000000e94a99d8,0x00000000e9f00000)
  to   space 37376K, 0% used [0x00000000ebb80000,0x00000000ebb80000,0x00000000ee000000)
 ParOldGen       total 124928K, used 95559K [0x0000000080000000, 0x0000000087a00000, 0x00000000d5580000)
  object space 124928K, 76% used [0x0000000080000000,0x0000000085d51c48,0x0000000087a00000)
 Metaspace       used 83976K, capacity 87744K, committed 87848K, reserved 1126400K
  class space    used 10785K, capacity 11485K, committed 11568K, reserved 1048576K
Event: 1617.421 GC heap after
Heap after GC invocations=21 (full 3):
 PSYoungGen      total 364544K, used 27006K [0x00000000d5580000, 0x00000000ee300000, 0x0000000100000000)
  eden space 327168K, 0% used [0x00000000d5580000,0x00000000d5580000,0x00000000e9500000)
  from space 37376K, 72% used [0x00000000ebb80000,0x00000000ed5dfb08,0x00000000ee000000)
  to   space 39424K, 0% used [0x00000000e9500000,0x00000000e9500000,0x00000000ebb80000)
 ParOldGen       total 124928K, used 95567K [0x0000000080000000, 0x0000000087a00000, 0x00000000d5580000)
  object space 124928K, 76% used [0x0000000080000000,0x0000000085d53c48,0x0000000087a00000)
 Metaspace       used 83976K, capacity 87744K, committed 87848K, reserved 1126400K
  class space    used 10785K, capacity 11485K, committed 11568K, reserved 1048576K
}
Event: 1624.537 GC heap before
{Heap before GC invocations=22 (full 3):
 PSYoungGen      total 364544K, used 337020K [0x00000000d5580000, 0x00000000ee300000, 0x0000000100000000)
  eden space 327168K, 94% used [0x00000000d5580000,0x00000000e843f730,0x00000000e9500000)
  from space 37376K, 72% used [0x00000000ebb80000,0x00000000ed5dfb08,0x00000000ee000000)
  to   space 39424K, 0% used [0x00000000e9500000,0x00000000e9500000,0x00000000ebb80000)
 ParOldGen       total 124928K, used 95567K [0x0000000080000000, 0x0000000087a00000, 0x00000000d5580000)
  object space 124928K, 76% used [0x0000000080000000,0x0000000085d53c48,0x0000000087a00000)
 Metaspace       used 93643K, capacity 98560K, committed 98600K, reserved 1134592K
  class space    used 12251K, capacity 13197K, committed 13232K, reserved 1048576K
Event: 1624.606 GC heap after
Heap after GC invocations=22 (full 3):
 PSYoungGen      total 366592K, used 39400K [0x00000000d5580000, 0x00000000f0f80000, 0x0000000100000000)
  eden space 327168K, 0% used [0x00000000d5580000,0x00000000d5580000,0x00000000e9500000)
  from space 39424K, 99% used [0x00000000e9500000,0x00000000ebb7a270,0x00000000ebb80000)
  to   space 48640K, 0% used [0x00000000ee000000,0x00000000ee000000,0x00000000f0f80000)
 ParOldGen       total 124928K, used 103761K [0x0000000080000000, 0x0000000087a00000, 0x00000000d5580000)
  object space 124928K, 83% used [0x0000000080000000,0x00000000865545f8,0x0000000087a00000)
 Metaspace       used 93643K, capacity 98560K, committed 98600K, reserved 1134592K
  class space    used 12251K, capacity 13197K, committed 13232K, reserved 1048576K
}
Event: 1624.606 GC heap before
{Heap before GC invocations=23 (full 4):
 PSYoungGen      total 366592K, used 39400K [0x00000000d5580000, 0x00000000f0f80000, 0x0000000100000000)
  eden space 327168K, 0% used [0x00000000d5580000,0x00000000d5580000,0x00000000e9500000)
  from space 39424K, 99% used [0x00000000e9500000,0x00000000ebb7a270,0x00000000ebb80000)
  to   space 48640K, 0% used [0x00000000ee000000,0x00000000ee000000,0x00000000f0f80000)
 ParOldGen       total 124928K, used 103761K [0x0000000080000000, 0x0000000087a00000, 0x00000000d5580000)
  object space 124928K, 83% used [0x0000000080000000,0x00000000865545f8,0x0000000087a00000)
 Metaspace       used 93643K, capacity 98560K, committed 98600K, reserved 1134592K
  class space    used 12251K, capacity 13197K, committed 13232K, reserved 1048576K

