# JRE version: OpenJDK Runtime Environment (8.0_242-b01) (build 1.8.0_242-release-1644-b01)
# Java VM: OpenJDK 64-Bit Server VM (25.242-b01 mixed mode windows-amd64 compressed oops)
Heap:
 PSYoungGen      total 560128K, used 97299K [0x00000000d5580000, 0x00000000ff480000, 0x0000000100000000)
  eden space 435712K, 11% used [0x00000000d5580000,0x00000000d84a7c38,0x00000000eff00000)
  from space 124416K, 39% used [0x00000000eff00000,0x00000000f2edd218,0x00000000f7880000)
  to   space 119808K, 0% used [0x00000000f7f80000,0x00000000f7f80000,0x00000000ff480000)
 ParOldGen       total 280064K, used 104241K [0x0000000080000000, 0x0000000091180000, 0x00000000d5580000)
  object space 280064K, 37% used [0x0000000080000000,0x00000000865cc470,0x0000000091180000)
 Metaspace       used 170439K, capacity 179290K, committed 179800K, reserved 1206272K
  class space    used 20889K, capacity 22474K, committed 22656K, reserved 1048576K
GC Heap History (10 events):
Event: 8858.890 GC heap before
{Heap before GC invocations=48 (full 5):
 PSYoungGen      total 525312K, used 88467K [0x00000000d5580000, 0x0000000100000000, 0x0000000100000000)
  eden space 436736K, 0% used [0x00000000d5580000,0x00000000d5580000,0x00000000f0000000)
  from space 88576K, 99% used [0x00000000f0000000,0x00000000f5664d28,0x00000000f5680000)
  to   space 134656K, 0% used [0x00000000f7c80000,0x00000000f7c80000,0x0000000100000000)
 ParOldGen       total 208384K, used 108849K [0x0000000080000000, 0x000000008cb80000, 0x00000000d5580000)
  object space 208384K, 52% used [0x0000000080000000,0x0000000086a4c5d8,0x000000008cb80000)
 Metaspace       used 154668K, capacity 163676K, committed 163776K, reserved 1191936K
  class space    used 19160K, capacity 20765K, committed 20864K, reserved 1048576K
Event: 8859.406 GC heap after
Heap after GC invocations=48 (full 5):
 PSYoungGen      total 525312K, used 0K [0x00000000d5580000, 0x0000000100000000, 0x0000000100000000)
  eden space 436736K, 0% used [0x00000000d5580000,0x00000000d5580000,0x00000000f0000000)
  from space 88576K, 0% used [0x00000000f0000000,0x00000000f0000000,0x00000000f5680000)
  to   space 134656K, 0% used [0x00000000f7c80000,0x00000000f7c80000,0x0000000100000000)
 ParOldGen       total 280064K, used 104225K [0x0000000080000000, 0x0000000091180000, 0x00000000d5580000)
  object space 280064K, 37% used [0x0000000080000000,0x00000000865c8470,0x0000000091180000)
 Metaspace       used 154421K, capacity 163058K, committed 163776K, reserved 1191936K
  class space    used 19072K, capacity 20608K, committed 20864K, reserved 1048576K
}
Event: 9457.350 GC heap before
{Heap before GC invocations=49 (full 5):
 PSYoungGen      total 525312K, used 436736K [0x00000000d5580000, 0x0000000100000000, 0x0000000100000000)
  eden space 436736K, 100% used [0x00000000d5580000,0x00000000f0000000,0x00000000f0000000)
  from space 88576K, 0% used [0x00000000f0000000,0x00000000f0000000,0x00000000f5680000)
  to   space 134656K, 0% used [0x00000000f7c80000,0x00000000f7c80000,0x0000000100000000)
 ParOldGen       total 280064K, used 104225K [0x0000000080000000, 0x0000000091180000, 0x00000000d5580000)
  object space 280064K, 37% used [0x0000000080000000,0x00000000865c8470,0x0000000091180000)
 Metaspace       used 159108K, capacity 167812K, committed 168536K, reserved 1196032K
  class space    used 19617K, capacity 21171K, committed 21376K, reserved 1048576K
Event: 9457.420 GC heap after
Heap after GC invocations=49 (full 5):
 PSYoungGen      total 567808K, used 41006K [0x00000000d5580000, 0x0000000100000000, 0x0000000100000000)
  eden space 433152K, 0% used [0x00000000d5580000,0x00000000d5580000,0x00000000efc80000)
  from space 134656K, 30% used [0x00000000f7c80000,0x00000000fa48baf0,0x0000000100000000)
  to   space 131072K, 0% used [0x00000000efc80000,0x00000000efc80000,0x00000000f7c80000)
 ParOldGen       total 280064K, used 104233K [0x0000000080000000, 0x0000000091180000, 0x00000000d5580000)
  object space 280064K, 37% used [0x0000000080000000,0x00000000865ca470,0x0000000091180000)
 Metaspace       used 159108K, capacity 167812K, committed 168536K, reserved 1196032K
  class space    used 19617K, capacity 21171K, committed 21376K, reserved 1048576K
}
Event: 9834.473 GC heap before
{Heap before GC invocations=50 (full 5):
 PSYoungGen      total 567808K, used 474158K [0x00000000d5580000, 0x0000000100000000, 0x0000000100000000)
  eden space 433152K, 100% used [0x00000000d5580000,0x00000000efc80000,0x00000000efc80000)
  from space 134656K, 30% used [0x00000000f7c80000,0x00000000fa48baf0,0x0000000100000000)
  to   space 131072K, 0% used [0x00000000efc80000,0x00000000efc80000,0x00000000f7c80000)
 ParOldGen       total 280064K, used 104233K [0x0000000080000000, 0x0000000091180000, 0x00000000d5580000)
  object space 280064K, 37% used [0x0000000080000000,0x00000000865ca470,0x0000000091180000)
 Metaspace       used 164755K, capacity 173456K, committed 174040K, reserved 1202176K
  class space    used 20250K, capacity 21819K, committed 22016K, reserved 1048576K
Event: 9834.534 GC heap after
Heap after GC invocations=50 (full 5):
 PSYoungGen      total 479232K, used 45684K [0x00000000d5580000, 0x00000000ff480000, 0x0000000100000000)
  eden space 433152K, 0% used [0x00000000d5580000,0x00000000d5580000,0x00000000efc80000)
  from space 46080K, 99% used [0x00000000efc80000,0x00000000f291d0b8,0x00000000f2980000)
  to   space 126976K, 0% used [0x00000000f7880000,0x00000000f7880000,0x00000000ff480000)
 ParOldGen       total 280064K, used 104241K [0x0000000080000000, 0x0000000091180000, 0x00000000d5580000)
  object space 280064K, 37% used [0x0000000080000000,0x00000000865cc470,0x0000000091180000)
 Metaspace       used 164755K, capacity 173456K, committed 174040K, reserved 1202176K
  class space    used 20250K, capacity 21819K, committed 22016K, reserved 1048576K
}
Event: 9839.800 GC heap before
{Heap before GC invocations=51 (full 5):
 PSYoungGen      total 479232K, used 478836K [0x00000000d5580000, 0x00000000ff480000, 0x0000000100000000)
  eden space 433152K, 100% used [0x00000000d5580000,0x00000000efc80000,0x00000000efc80000)
  from space 46080K, 99% used [0x00000000efc80000,0x00000000f291d0b8,0x00000000f2980000)
  to   space 126976K, 0% used [0x00000000f7880000,0x00000000f7880000,0x00000000ff480000)
 ParOldGen       total 280064K, used 104241K [0x0000000080000000, 0x0000000091180000, 0x00000000d5580000)
  object space 280064K, 37% used [0x0000000080000000,0x00000000865cc470,0x0000000091180000)
 Metaspace       used 170383K, capacity 179210K, committed 179800K, reserved 1206272K
  class space    used 20887K, capacity 22474K, committed 22656K, reserved 1048576K
Event: 9839.944 GC heap after
Heap after GC invocations=51 (full 5):
 PSYoungGen      total 562688K, used 70469K [0x00000000d5580000, 0x0000000100000000, 0x0000000100000000)
  eden space 435712K, 0% used [0x00000000d5580000,0x00000000d5580000,0x00000000eff00000)
  from space 126976K, 55% used [0x00000000f7880000,0x00000000fbd51440,0x00000000ff480000)
  to   space 124416K, 0% used [0x00000000eff00000,0x00000000eff00000,0x00000000f7880000)
 ParOldGen       total 280064K, used 104241K [0x0000000080000000, 0x0000000091180000, 0x00000000d5580000)
  object space 280064K, 37% used [0x0000000080000000,0x00000000865cc470,0x0000000091180000)
 Metaspace       used 170383K, capacity 179210K, committed 179800K, reserved 1206272K
  class space    used 20887K, capacity 22474K, committed 22656K, reserved 1048576K
}
Event: 9842.904 GC heap before
{Heap before GC invocations=52 (full 5):
 PSYoungGen      total 562688K, used 506106K [0x00000000d5580000, 0x0000000100000000, 0x0000000100000000)
  eden space 435712K, 99% used [0x00000000d5580000,0x00000000efeed4b8,0x00000000eff00000)
  from space 126976K, 55% used [0x00000000f7880000,0x00000000fbd51440,0x00000000ff480000)
  to   space 124416K, 0% used [0x00000000eff00000,0x00000000eff00000,0x00000000f7880000)
 ParOldGen       total 280064K, used 104241K [0x0000000080000000, 0x0000000091180000, 0x00000000d5580000)
  object space 280064K, 37% used [0x0000000080000000,0x00000000865cc470,0x0000000091180000)
 Metaspace       used 170437K, capacity 179290K, committed 179800K, reserved 1206272K
  class space    used 20889K, capacity 22474K, committed 22656K, reserved 1048576K
Event: 9842.981 GC heap after
Heap after GC invocations=52 (full 5):
 PSYoungGen      total 560128K, used 49012K [0x00000000d5580000, 0x00000000ff480000, 0x0000000100000000)
  eden space 435712K, 0% used [0x00000000d5580000,0x00000000d5580000,0x00000000eff00000)
  from space 124416K, 39% used [0x00000000eff00000,0x00000000f2edd218,0x00000000f7880000)
  to   space 119808K, 0% used [0x00000000f7f80000,0x00000000f7f80000,0x00000000ff480000)
 ParOldGen       total 280064K, used 104241K [0x0000000080000000, 0x0000000091180000, 0x00000000d5580000)
  object space 280064K, 37% used [0x0000000080000000,0x00000000865cc470,0x0000000091180000)
 Metaspace       used 170437K, capacity 179290K, committed 179800K, reserved 1206272K
  class space    used 20889K, capacity 22474K, committed 22656K, reserved 1048576K
}

