# JRE version: OpenJDK Runtime Environment (8.0_242-b01) (build 1.8.0_242-release-1644-b01)
# Java VM: OpenJDK 64-Bit Server VM (25.242-b01 mixed mode windows-amd64 compressed oops)
Heap:
 PSYoungGen      total 373248K, used 11628K [0x00000000d5580000, 0x00000000ee480000, 0x0000000100000000)
  eden space 352256K, 3% used [0x00000000d5580000,0x00000000d60db198,0x00000000ead80000)
  from space 20992K, 0% used [0x00000000ed000000,0x00000000ed000000,0x00000000ee480000)
  to   space 28160K, 0% used [0x00000000ead80000,0x00000000ead80000,0x00000000ec900000)
 ParOldGen       total 189440K, used 68937K [0x0000000080000000, 0x000000008b900000, 0x00000000d5580000)
  object space 189440K, 36% used [0x0000000080000000,0x0000000084352580,0x000000008b900000)
 Metaspace       used 93511K, capacity 98314K, committed 98840K, reserved 1134592K
  class space    used 12285K, capacity 13190K, committed 13360K, reserved 1048576K
GC Heap History (10 events):
Event: 85.216 GC heap before
{Heap before GC invocations=18 (full 3):
 PSYoungGen      total 290816K, used 286671K [0x00000000d5580000, 0x00000000e8e80000, 0x0000000100000000)
  eden space 272384K, 100% used [0x00000000d5580000,0x00000000e5f80000,0x00000000e5f80000)
  from space 18432K, 77% used [0x00000000e7c80000,0x00000000e8a73d80,0x00000000e8e80000)
  to   space 24064K, 0% used [0x00000000e5f80000,0x00000000e5f80000,0x00000000e7700000)
 ParOldGen       total 115200K, used 48392K [0x0000000080000000, 0x0000000087080000, 0x00000000d5580000)
  object space 115200K, 42% used [0x0000000080000000,0x0000000082f422b8,0x0000000087080000)
 Metaspace       used 77297K, capacity 80870K, committed 81048K, reserved 1120256K
  class space    used 10370K, capacity 11072K, committed 11184K, reserved 1048576K
Event: 85.337 GC heap after
Heap after GC invocations=18 (full 3):
 PSYoungGen      total 296448K, used 24052K [0x00000000d5580000, 0x00000000ece80000, 0x0000000100000000)
  eden space 272384K, 0% used [0x00000000d5580000,0x00000000d5580000,0x00000000e5f80000)
  from space 24064K, 99% used [0x00000000e5f80000,0x00000000e76fd288,0x00000000e7700000)
  to   space 29696K, 0% used [0x00000000eb180000,0x00000000eb180000,0x00000000ece80000)
 ParOldGen       total 115200K, used 54284K [0x0000000080000000, 0x0000000087080000, 0x00000000d5580000)
  object space 115200K, 47% used [0x0000000080000000,0x00000000835033d8,0x0000000087080000)
 Metaspace       used 77297K, capacity 80870K, committed 81048K, reserved 1120256K
  class space    used 10370K, capacity 11072K, committed 11184K, reserved 1048576K
}
Event: 111.170 GC heap before
{Heap before GC invocations=19 (full 3):
 PSYoungGen      total 296448K, used 296436K [0x00000000d5580000, 0x00000000ece80000, 0x0000000100000000)
  eden space 272384K, 100% used [0x00000000d5580000,0x00000000e5f80000,0x00000000e5f80000)
  from space 24064K, 99% used [0x00000000e5f80000,0x00000000e76fd288,0x00000000e7700000)
  to   space 29696K, 0% used [0x00000000eb180000,0x00000000eb180000,0x00000000ece80000)
 ParOldGen       total 115200K, used 54284K [0x0000000080000000, 0x0000000087080000, 0x00000000d5580000)
  object space 115200K, 47% used [0x0000000080000000,0x00000000835033d8,0x0000000087080000)
 Metaspace       used 91150K, capacity 95790K, committed 96024K, reserved 1132544K
  class space    used 12168K, capacity 13070K, committed 13104K, reserved 1048576K
Event: 111.457 GC heap after
Heap after GC invocations=19 (full 3):
 PSYoungGen      total 354304K, used 19045K [0x00000000d5580000, 0x00000000ece80000, 0x0000000100000000)
  eden space 324608K, 0% used [0x00000000d5580000,0x00000000d5580000,0x00000000e9280000)
  from space 29696K, 64% used [0x00000000eb180000,0x00000000ec419600,0x00000000ece80000)
  to   space 30720K, 0% used [0x00000000e9280000,0x00000000e9280000,0x00000000eb080000)
 ParOldGen       total 115200K, used 75568K [0x0000000080000000, 0x0000000087080000, 0x00000000d5580000)
  object space 115200K, 65% used [0x0000000080000000,0x00000000849cc3c8,0x0000000087080000)
 Metaspace       used 91150K, capacity 95790K, committed 96024K, reserved 1132544K
  class space    used 12168K, capacity 13070K, committed 13104K, reserved 1048576K
}
Event: 306.853 GC heap before
{Heap before GC invocations=20 (full 3):
 PSYoungGen      total 354304K, used 343653K [0x00000000d5580000, 0x00000000ece80000, 0x0000000100000000)
  eden space 324608K, 100% used [0x00000000d5580000,0x00000000e9280000,0x00000000e9280000)
  from space 29696K, 64% used [0x00000000eb180000,0x00000000ec419600,0x00000000ece80000)
  to   space 30720K, 0% used [0x00000000e9280000,0x00000000e9280000,0x00000000eb080000)
 ParOldGen       total 115200K, used 75568K [0x0000000080000000, 0x0000000087080000, 0x00000000d5580000)
  object space 115200K, 65% used [0x0000000080000000,0x00000000849cc3c8,0x0000000087080000)
 Metaspace       used 92782K, capacity 97504K, committed 97688K, reserved 1134592K
  class space    used 12290K, capacity 13201K, committed 13232K, reserved 1048576K
Event: 306.922 GC heap after
Heap after GC invocations=20 (full 3):
 PSYoungGen      total 355328K, used 10227K [0x00000000d5580000, 0x00000000eec80000, 0x0000000100000000)
  eden space 324608K, 0% used [0x00000000d5580000,0x00000000d5580000,0x00000000e9280000)
  from space 30720K, 33% used [0x00000000e9280000,0x00000000e9c7cd10,0x00000000eb080000)
  to   space 29184K, 0% used [0x00000000ed000000,0x00000000ed000000,0x00000000eec80000)
 ParOldGen       total 115200K, used 75576K [0x0000000080000000, 0x0000000087080000, 0x00000000d5580000)
  object space 115200K, 65% used [0x0000000080000000,0x00000000849ce3c8,0x0000000087080000)
 Metaspace       used 92782K, capacity 97504K, committed 97688K, reserved 1134592K
  class space    used 12290K, capacity 13201K, committed 13232K, reserved 1048576K
}
Event: 653.487 GC heap before
{Heap before GC invocations=21 (full 3):
 PSYoungGen      total 355328K, used 293623K [0x00000000d5580000, 0x00000000eec80000, 0x0000000100000000)
  eden space 324608K, 87% used [0x00000000d5580000,0x00000000e6a40ff0,0x00000000e9280000)
  from space 30720K, 33% used [0x00000000e9280000,0x00000000e9c7cd10,0x00000000eb080000)
  to   space 29184K, 0% used [0x00000000ed000000,0x00000000ed000000,0x00000000eec80000)
 ParOldGen       total 115200K, used 75576K [0x0000000080000000, 0x0000000087080000, 0x00000000d5580000)
  object space 115200K, 65% used [0x0000000080000000,0x00000000849ce3c8,0x0000000087080000)
 Metaspace       used 93557K, capacity 98436K, committed 98584K, reserved 1134592K
  class space    used 12322K, capacity 13255K, committed 13360K, reserved 1048576K
Event: 653.540 GC heap after
Heap after GC invocations=21 (full 3):
 PSYoungGen      total 373248K, used 11811K [0x00000000d5580000, 0x00000000ee480000, 0x0000000100000000)
  eden space 352256K, 0% used [0x00000000d5580000,0x00000000d5580000,0x00000000ead80000)
  from space 20992K, 56% used [0x00000000ed000000,0x00000000edb88f48,0x00000000ee480000)
  to   space 28160K, 0% used [0x00000000ead80000,0x00000000ead80000,0x00000000ec900000)
 ParOldGen       total 115200K, used 75584K [0x0000000080000000, 0x0000000087080000, 0x00000000d5580000)
  object space 115200K, 65% used [0x0000000080000000,0x00000000849d03c8,0x0000000087080000)
 Metaspace       used 93557K, capacity 98436K, committed 98584K, reserved 1134592K
  class space    used 12322K, capacity 13255K, committed 13360K, reserved 1048576K
}
Event: 653.540 GC heap before
{Heap before GC invocations=22 (full 4):
 PSYoungGen      total 373248K, used 11811K [0x00000000d5580000, 0x00000000ee480000, 0x0000000100000000)
  eden space 352256K, 0% used [0x00000000d5580000,0x00000000d5580000,0x00000000ead80000)
  from space 20992K, 56% used [0x00000000ed000000,0x00000000edb88f48,0x00000000ee480000)
  to   space 28160K, 0% used [0x00000000ead80000,0x00000000ead80000,0x00000000ec900000)
 ParOldGen       total 115200K, used 75584K [0x0000000080000000, 0x0000000087080000, 0x00000000d5580000)
  object space 115200K, 65% used [0x0000000080000000,0x00000000849d03c8,0x0000000087080000)
 Metaspace       used 93557K, capacity 98436K, committed 98584K, reserved 1134592K
  class space    used 12322K, capacity 13255K, committed 13360K, reserved 1048576K
Event: 654.313 GC heap after
Heap after GC invocations=22 (full 4):
 PSYoungGen      total 373248K, used 0K [0x00000000d5580000, 0x00000000ee480000, 0x0000000100000000)
  eden space 352256K, 0% used [0x00000000d5580000,0x00000000d5580000,0x00000000ead80000)
  from space 20992K, 0% used [0x00000000ed000000,0x00000000ed000000,0x00000000ee480000)
  to   space 28160K, 0% used [0x00000000ead80000,0x00000000ead80000,0x00000000ec900000)
 ParOldGen       total 189440K, used 68937K [0x0000000080000000, 0x000000008b900000, 0x00000000d5580000)
  object space 189440K, 36% used [0x0000000080000000,0x0000000084352580,0x000000008b900000)
 Metaspace       used 93438K, capacity 98098K, committed 98584K, reserved 1134592K
  class space    used 12283K, capacity 13186K, committed 13360K, reserved 1048576K
}

