# JRE version: OpenJDK Runtime Environment (8.0_242-b01) (build 1.8.0_242-release-1644-b01)
# Java VM: OpenJDK 64-Bit Server VM (25.242-b01 mixed mode windows-amd64 compressed oops)
Heap:
 PSYoungGen      total 241664K, used 4308K [0x00000000d5580000, 0x00000000e5b00000, 0x0000000100000000)
  eden space 220672K, 0% used [0x00000000d5580000,0x00000000d5580000,0x00000000e2d00000)
  from space 20992K, 20% used [0x00000000e4100000,0x00000000e4535320,0x00000000e5580000)
  to   space 20480K, 0% used [0x00000000e2d00000,0x00000000e2d00000,0x00000000e4100000)
 ParOldGen       total 75264K, used 42553K [0x0000000080000000, 0x0000000084980000, 0x00000000d5580000)
  object space 75264K, 56% used [0x0000000080000000,0x000000008298e5d8,0x0000000084980000)
 Metaspace       used 56756K, capacity 59086K, committed 59160K, reserved 1099776K
  class space    used 7762K, capacity 8220K, committed 8240K, reserved 1048576K
GC Heap History (10 events):
Event: 14.830 GC heap after
Heap after GC invocations=10 (full 1):
 PSYoungGen      total 137216K, used 11074K [0x00000000d5580000, 0x00000000e1580000, 0x0000000100000000)
  eden space 125952K, 0% used [0x00000000d5580000,0x00000000d5580000,0x00000000dd080000)
  from space 11264K, 98% used [0x00000000dd080000,0x00000000ddb50918,0x00000000ddb80000)
  to   space 12800K, 0% used [0x00000000e0900000,0x00000000e0900000,0x00000000e1580000)
 ParOldGen       total 49152K, used 6788K [0x0000000080000000, 0x0000000083000000, 0x00000000d5580000)
  object space 49152K, 13% used [0x0000000080000000,0x00000000806a1220,0x0000000083000000)
 Metaspace       used 34287K, capacity 35406K, committed 35496K, reserved 1079296K
  class space    used 4719K, capacity 5002K, committed 5040K, reserved 1048576K
}
Event: 14.830 GC heap before
{Heap before GC invocations=11 (full 2):
 PSYoungGen      total 137216K, used 11074K [0x00000000d5580000, 0x00000000e1580000, 0x0000000100000000)
  eden space 125952K, 0% used [0x00000000d5580000,0x00000000d5580000,0x00000000dd080000)
  from space 11264K, 98% used [0x00000000dd080000,0x00000000ddb50918,0x00000000ddb80000)
  to   space 12800K, 0% used [0x00000000e0900000,0x00000000e0900000,0x00000000e1580000)
 ParOldGen       total 49152K, used 6788K [0x0000000080000000, 0x0000000083000000, 0x00000000d5580000)
  object space 49152K, 13% used [0x0000000080000000,0x00000000806a1220,0x0000000083000000)
 Metaspace       used 34287K, capacity 35406K, committed 35496K, reserved 1079296K
  class space    used 4719K, capacity 5002K, committed 5040K, reserved 1048576K
Event: 15.012 GC heap after
Heap after GC invocations=11 (full 2):
 PSYoungGen      total 137216K, used 0K [0x00000000d5580000, 0x00000000e1580000, 0x0000000100000000)
  eden space 125952K, 0% used [0x00000000d5580000,0x00000000d5580000,0x00000000dd080000)
  from space 11264K, 0% used [0x00000000dd080000,0x00000000dd080000,0x00000000ddb80000)
  to   space 12800K, 0% used [0x00000000e0900000,0x00000000e0900000,0x00000000e1580000)
 ParOldGen       total 75264K, used 17268K [0x0000000080000000, 0x0000000084980000, 0x00000000d5580000)
  object space 75264K, 22% used [0x0000000080000000,0x00000000810dd0e0,0x0000000084980000)
 Metaspace       used 34287K, capacity 35406K, committed 35496K, reserved 1079296K
  class space    used 4719K, capacity 5002K, committed 5040K, reserved 1048576K
}
Event: 18.777 GC heap before
{Heap before GC invocations=12 (full 2):
 PSYoungGen      total 137216K, used 125952K [0x00000000d5580000, 0x00000000e1580000, 0x0000000100000000)
  eden space 125952K, 100% used [0x00000000d5580000,0x00000000dd080000,0x00000000dd080000)
  from space 11264K, 0% used [0x00000000dd080000,0x00000000dd080000,0x00000000ddb80000)
  to   space 12800K, 0% used [0x00000000e0900000,0x00000000e0900000,0x00000000e1580000)
 ParOldGen       total 75264K, used 17268K [0x0000000080000000, 0x0000000084980000, 0x00000000d5580000)
  object space 75264K, 22% used [0x0000000080000000,0x00000000810dd0e0,0x0000000084980000)
 Metaspace       used 40040K, capacity 41726K, committed 41768K, reserved 1085440K
  class space    used 5521K, capacity 5903K, committed 5936K, reserved 1048576K
Event: 18.811 GC heap after
Heap after GC invocations=12 (full 2):
 PSYoungGen      total 179712K, used 11562K [0x00000000d5580000, 0x00000000e1480000, 0x0000000100000000)
  eden space 167936K, 0% used [0x00000000d5580000,0x00000000d5580000,0x00000000df980000)
  from space 11776K, 98% used [0x00000000e0900000,0x00000000e144abe8,0x00000000e1480000)
  to   space 13824K, 0% used [0x00000000df980000,0x00000000df980000,0x00000000e0700000)
 ParOldGen       total 75264K, used 17276K [0x0000000080000000, 0x0000000084980000, 0x00000000d5580000)
  object space 75264K, 22% used [0x0000000080000000,0x00000000810df0e0,0x0000000084980000)
 Metaspace       used 40040K, capacity 41726K, committed 41768K, reserved 1085440K
  class space    used 5521K, capacity 5903K, committed 5936K, reserved 1048576K
}
Event: 26.229 GC heap before
{Heap before GC invocations=13 (full 2):
 PSYoungGen      total 179712K, used 179498K [0x00000000d5580000, 0x00000000e1480000, 0x0000000100000000)
  eden space 167936K, 100% used [0x00000000d5580000,0x00000000df980000,0x00000000df980000)
  from space 11776K, 98% used [0x00000000e0900000,0x00000000e144abe8,0x00000000e1480000)
  to   space 13824K, 0% used [0x00000000df980000,0x00000000df980000,0x00000000e0700000)
 ParOldGen       total 75264K, used 17276K [0x0000000080000000, 0x0000000084980000, 0x00000000d5580000)
  object space 75264K, 22% used [0x0000000080000000,0x00000000810df0e0,0x0000000084980000)
 Metaspace       used 55188K, capacity 57370K, committed 57384K, reserved 1099776K
  class space    used 7508K, capacity 7974K, committed 7984K, reserved 1048576K
Event: 26.323 GC heap after
Heap after GC invocations=13 (full 2):
 PSYoungGen      total 181760K, used 13794K [0x00000000d5580000, 0x00000000e5580000, 0x0000000100000000)
  eden space 167936K, 0% used [0x00000000d5580000,0x00000000d5580000,0x00000000df980000)
  from space 13824K, 99% used [0x00000000df980000,0x00000000e06f8980,0x00000000e0700000)
  to   space 20992K, 0% used [0x00000000e4100000,0x00000000e4100000,0x00000000e5580000)
 ParOldGen       total 75264K, used 31393K [0x0000000080000000, 0x0000000084980000, 0x00000000d5580000)
  object space 75264K, 41% used [0x0000000080000000,0x0000000081ea8758,0x0000000084980000)
 Metaspace       used 55188K, capacity 57370K, committed 57384K, reserved 1099776K
  class space    used 7508K, capacity 7974K, committed 7984K, reserved 1048576K
}
Event: 27.648 GC heap before
{Heap before GC invocations=14 (full 2):
 PSYoungGen      total 181760K, used 63744K [0x00000000d5580000, 0x00000000e5580000, 0x0000000100000000)
  eden space 167936K, 29% used [0x00000000d5580000,0x00000000d8647988,0x00000000df980000)
  from space 13824K, 99% used [0x00000000df980000,0x00000000e06f8980,0x00000000e0700000)
  to   space 20992K, 0% used [0x00000000e4100000,0x00000000e4100000,0x00000000e5580000)
 ParOldGen       total 75264K, used 31393K [0x0000000080000000, 0x0000000084980000, 0x00000000d5580000)
  object space 75264K, 41% used [0x0000000080000000,0x0000000081ea8758,0x0000000084980000)
 Metaspace       used 56756K, capacity 59086K, committed 59160K, reserved 1099776K
  class space    used 7762K, capacity 8220K, committed 8240K, reserved 1048576K
Event: 27.724 GC heap after
Heap after GC invocations=14 (full 2):
 PSYoungGen      total 241664K, used 4308K [0x00000000d5580000, 0x00000000e5b00000, 0x0000000100000000)
  eden space 220672K, 0% used [0x00000000d5580000,0x00000000d5580000,0x00000000e2d00000)
  from space 20992K, 20% used [0x00000000e4100000,0x00000000e4535320,0x00000000e5580000)
  to   space 20480K, 0% used [0x00000000e2d00000,0x00000000e2d00000,0x00000000e4100000)
 ParOldGen       total 75264K, used 42553K [0x0000000080000000, 0x0000000084980000, 0x00000000d5580000)
  object space 75264K, 56% used [0x0000000080000000,0x000000008298e5d8,0x0000000084980000)
 Metaspace       used 56756K, capacity 59086K, committed 59160K, reserved 1099776K
  class space    used 7762K, capacity 8220K, committed 8240K, reserved 1048576K
}
Event: 27.725 GC heap before
{Heap before GC invocations=15 (full 3):
 PSYoungGen      total 241664K, used 4308K [0x00000000d5580000, 0x00000000e5b00000, 0x0000000100000000)
  eden space 220672K, 0% used [0x00000000d5580000,0x00000000d5580000,0x00000000e2d00000)
  from space 20992K, 20% used [0x00000000e4100000,0x00000000e4535320,0x00000000e5580000)
  to   space 20480K, 0% used [0x00000000e2d00000,0x00000000e2d00000,0x00000000e4100000)
 ParOldGen       total 75264K, used 42553K [0x0000000080000000, 0x0000000084980000, 0x00000000d5580000)
  object space 75264K, 56% used [0x0000000080000000,0x000000008298e5d8,0x0000000084980000)
 Metaspace       used 56756K, capacity 59086K, committed 59160K, reserved 1099776K
  class space    used 7762K, capacity 8220K, committed 8240K, reserved 1048576K

