# JRE version: OpenJDK Runtime Environment (8.0_242-b01) (build 1.8.0_242-release-1644-b01)
# Java VM: OpenJDK 64-Bit Server VM (25.242-b01 mixed mode windows-amd64 compressed oops)
Heap:
 PSYoungGen      total 562688K, used 491104K [0x00000000d5580000, 0x00000000ffe00000, 0x0000000100000000)
  eden space 438272K, 100% used [0x00000000d5580000,0x00000000f0180000,0x00000000f0180000)
  from space 124416K, 42% used [0x00000000f0180000,0x00000000f35182d8,0x00000000f7b00000)
  to   space 120320K, 82% used [0x00000000f8880000,0x00000000fe9f8a70,0x00000000ffe00000)
 ParOldGen       total 394752K, used 216414K [0x0000000080000000, 0x0000000098180000, 0x00000000d5580000)
  object space 394752K, 54% used [0x0000000080000000,0x000000008d357a28,0x0000000098180000)
 Metaspace       used 117709K, capacity 123474K, committed 124696K, reserved 1157120K
  class space    used 14988K, capacity 16064K, committed 16432K, reserved 1048576K
GC Heap History (10 events):
Event: 5181.190 GC heap after
Heap after GC invocations=28 (full 4):
 PSYoungGen      total 527872K, used 90102K [0x00000000d5580000, 0x0000000100000000, 0x0000000100000000)
  eden space 437760K, 0% used [0x00000000d5580000,0x00000000d5580000,0x00000000f0100000)
  from space 90112K, 99% used [0x00000000f9000000,0x00000000fe7fd8c8,0x00000000fe800000)
  to   space 130560K, 0% used [0x00000000f0100000,0x00000000f0100000,0x00000000f8080000)
 ParOldGen       total 280576K, used 269772K [0x0000000080000000, 0x0000000091200000, 0x00000000d5580000)
  object space 280576K, 96% used [0x0000000080000000,0x00000000907733d8,0x0000000091200000)
 Metaspace       used 117644K, capacity 123812K, committed 124184K, reserved 1157120K
  class space    used 15119K, capacity 16308K, committed 16432K, reserved 1048576K
}
Event: 5181.190 GC heap before
{Heap before GC invocations=29 (full 5):
 PSYoungGen      total 527872K, used 90102K [0x00000000d5580000, 0x0000000100000000, 0x0000000100000000)
  eden space 437760K, 0% used [0x00000000d5580000,0x00000000d5580000,0x00000000f0100000)
  from space 90112K, 99% used [0x00000000f9000000,0x00000000fe7fd8c8,0x00000000fe800000)
  to   space 130560K, 0% used [0x00000000f0100000,0x00000000f0100000,0x00000000f8080000)
 ParOldGen       total 280576K, used 269772K [0x0000000080000000, 0x0000000091200000, 0x00000000d5580000)
  object space 280576K, 96% used [0x0000000080000000,0x00000000907733d8,0x0000000091200000)
 Metaspace       used 117644K, capacity 123812K, committed 124184K, reserved 1157120K
  class space    used 15119K, capacity 16308K, committed 16432K, reserved 1048576K
Event: 5186.770 GC heap after
Heap after GC invocations=29 (full 5):
 PSYoungGen      total 527872K, used 0K [0x00000000d5580000, 0x0000000100000000, 0x0000000100000000)
  eden space 437760K, 0% used [0x00000000d5580000,0x00000000d5580000,0x00000000f0100000)
  from space 90112K, 0% used [0x00000000f9000000,0x00000000f9000000,0x00000000fe800000)
  to   space 130560K, 0% used [0x00000000f0100000,0x00000000f0100000,0x00000000f8080000)
 ParOldGen       total 394752K, used 216390K [0x0000000080000000, 0x0000000098180000, 0x00000000d5580000)
  object space 394752K, 54% used [0x0000000080000000,0x000000008d351a28,0x0000000098180000)
 Metaspace       used 116771K, capacity 122320K, committed 124184K, reserved 1157120K
  class space    used 14950K, capacity 15987K, committed 16432K, reserved 1048576K
}
Event: 5194.071 GC heap before
{Heap before GC invocations=30 (full 5):
 PSYoungGen      total 527872K, used 437760K [0x00000000d5580000, 0x0000000100000000, 0x0000000100000000)
  eden space 437760K, 100% used [0x00000000d5580000,0x00000000f0100000,0x00000000f0100000)
  from space 90112K, 0% used [0x00000000f9000000,0x00000000f9000000,0x00000000fe800000)
  to   space 130560K, 0% used [0x00000000f0100000,0x00000000f0100000,0x00000000f8080000)
 ParOldGen       total 394752K, used 216390K [0x0000000080000000, 0x0000000098180000, 0x00000000d5580000)
  object space 394752K, 54% used [0x0000000080000000,0x000000008d351a28,0x0000000098180000)
 Metaspace       used 116806K, capacity 122336K, committed 124184K, reserved 1157120K
  class space    used 14950K, capacity 15987K, committed 16432K, reserved 1048576K
Event: 5194.091 GC heap after
Heap after GC invocations=30 (full 5):
 PSYoungGen      total 568320K, used 992K [0x00000000d5580000, 0x0000000100000000, 0x0000000100000000)
  eden space 437760K, 0% used [0x00000000d5580000,0x00000000d5580000,0x00000000f0100000)
  from space 130560K, 0% used [0x00000000f0100000,0x00000000f01f8000,0x00000000f8080000)
  to   space 130048K, 0% used [0x00000000f8100000,0x00000000f8100000,0x0000000100000000)
 ParOldGen       total 394752K, used 216390K [0x0000000080000000, 0x0000000098180000, 0x00000000d5580000)
  object space 394752K, 54% used [0x0000000080000000,0x000000008d351a28,0x0000000098180000)
 Metaspace       used 116806K, capacity 122336K, committed 124184K, reserved 1157120K
  class space    used 14950K, capacity 15987K, committed 16432K, reserved 1048576K
}
Event: 6757.453 GC heap before
{Heap before GC invocations=31 (full 5):
 PSYoungGen      total 568320K, used 438752K [0x00000000d5580000, 0x0000000100000000, 0x0000000100000000)
  eden space 437760K, 100% used [0x00000000d5580000,0x00000000f0100000,0x00000000f0100000)
  from space 130560K, 0% used [0x00000000f0100000,0x00000000f01f8000,0x00000000f8080000)
  to   space 130048K, 0% used [0x00000000f8100000,0x00000000f8100000,0x0000000100000000)
 ParOldGen       total 394752K, used 216390K [0x0000000080000000, 0x0000000098180000, 0x00000000d5580000)
  object space 394752K, 54% used [0x0000000080000000,0x000000008d351a28,0x0000000098180000)
 Metaspace       used 117246K, capacity 123120K, committed 124440K, reserved 1157120K
  class space    used 14987K, capacity 16063K, committed 16432K, reserved 1048576K
Event: 6757.531 GC heap after
Heap after GC invocations=31 (full 5):
 PSYoungGen      total 556544K, used 24561K [0x00000000d5580000, 0x00000000ff480000, 0x0000000100000000)
  eden space 438272K, 0% used [0x00000000d5580000,0x00000000d5580000,0x00000000f0180000)
  from space 118272K, 20% used [0x00000000f8100000,0x00000000f98fc5a0,0x00000000ff480000)
  to   space 124416K, 0% used [0x00000000f0180000,0x00000000f0180000,0x00000000f7b00000)
 ParOldGen       total 394752K, used 216398K [0x0000000080000000, 0x0000000098180000, 0x00000000d5580000)
  object space 394752K, 54% used [0x0000000080000000,0x000000008d353a28,0x0000000098180000)
 Metaspace       used 117246K, capacity 123120K, committed 124440K, reserved 1157120K
  class space    used 14987K, capacity 16063K, committed 16432K, reserved 1048576K
}
Event: 6762.993 GC heap before
{Heap before GC invocations=32 (full 5):
 PSYoungGen      total 556544K, used 462833K [0x00000000d5580000, 0x00000000ff480000, 0x0000000100000000)
  eden space 438272K, 100% used [0x00000000d5580000,0x00000000f0180000,0x00000000f0180000)
  from space 118272K, 20% used [0x00000000f8100000,0x00000000f98fc5a0,0x00000000ff480000)
  to   space 124416K, 0% used [0x00000000f0180000,0x00000000f0180000,0x00000000f7b00000)
 ParOldGen       total 394752K, used 216398K [0x0000000080000000, 0x0000000098180000, 0x00000000d5580000)
  object space 394752K, 54% used [0x0000000080000000,0x000000008d353a28,0x0000000098180000)
 Metaspace       used 117516K, capacity 123260K, committed 124440K, reserved 1157120K
  class space    used 14987K, capacity 16063K, committed 16432K, reserved 1048576K
Event: 6763.160 GC heap after
Heap after GC invocations=32 (full 5):
 PSYoungGen      total 562688K, used 52832K [0x00000000d5580000, 0x00000000ffe00000, 0x0000000100000000)
  eden space 438272K, 0% used [0x00000000d5580000,0x00000000d5580000,0x00000000f0180000)
  from space 124416K, 42% used [0x00000000f0180000,0x00000000f35182d8,0x00000000f7b00000)
  to   space 120320K, 0% used [0x00000000f8880000,0x00000000f8880000,0x00000000ffe00000)
 ParOldGen       total 394752K, used 216406K [0x0000000080000000, 0x0000000098180000, 0x00000000d5580000)
  object space 394752K, 54% used [0x0000000080000000,0x000000008d355a28,0x0000000098180000)
 Metaspace       used 117516K, capacity 123260K, committed 124440K, reserved 1157120K
  class space    used 14987K, capacity 16063K, committed 16432K, reserved 1048576K
}
Event: 6769.078 GC heap before
{Heap before GC invocations=33 (full 5):
 PSYoungGen      total 562688K, used 491104K [0x00000000d5580000, 0x00000000ffe00000, 0x0000000100000000)
  eden space 438272K, 100% used [0x00000000d5580000,0x00000000f0180000,0x00000000f0180000)
  from space 124416K, 42% used [0x00000000f0180000,0x00000000f35182d8,0x00000000f7b00000)
  to   space 120320K, 0% used [0x00000000f8880000,0x00000000f8880000,0x00000000ffe00000)
 ParOldGen       total 394752K, used 216406K [0x0000000080000000, 0x0000000098180000, 0x00000000d5580000)
  object space 394752K, 54% used [0x0000000080000000,0x000000008d355a28,0x0000000098180000)
 Metaspace       used 117709K, capacity 123474K, committed 124696K, reserved 1157120K
  class space    used 14988K, capacity 16064K, committed 16432K, reserved 1048576K

